2024-12-14 13:11:45,886 - INFO - Connecting to device bulb1...
2024-12-14 13:12:41,405 - INFO - Connecting to device bulb1...
2024-12-14 13:13:18,973 - INFO - Connecting to device bulb1...
2024-12-14 13:14:47,437 - INFO - Connecting to device bulb1...
2024-12-14 13:20:08,842 - INFO - Connecting to device bulb1...
2024-12-14 13:20:11,097 - INFO - Successfully connected to device bulb1.
2024-12-14 13:20:17,081 - INFO - Getting status for device bulb1
2024-12-14 13:21:47,305 - INFO - Connecting to device bulb1...
2024-12-14 13:21:49,328 - INFO - Successfully connected to device bulb1.
2024-12-14 13:22:00,448 - INFO - Getting status for device bulb1
2024-12-14 13:22:05,932 - INFO - Device bulb1 power set to on.
2024-12-14 13:22:07,016 - INFO - Getting status for device bulb1
2024-12-14 13:22:13,704 - INFO - Rebooting device bulb1...
2024-12-14 13:22:13,707 - INFO - Device bulb1 power set to off.
2024-12-14 13:22:13,711 - INFO - Device bulb1 power set to on.
2024-12-14 13:22:13,711 - INFO - Device bulb1 is back online.
2024-12-14 13:22:19,784 - INFO - Getting status for device bulb1
2024-12-14 13:24:17,864 - INFO - Connecting to device bulb1...
2024-12-14 13:24:20,016 - INFO - Successfully connected to device bulb1.
2024-12-14 13:24:27,727 - INFO - Getting status for device bulb1
2024-12-14 13:24:38,095 - INFO - Rebooting device bulb1...
2024-12-14 13:24:38,099 - INFO - Device bulb1 power set to off.
2024-12-14 13:24:38,102 - INFO - Device bulb1 power set to on.
2024-12-14 13:24:38,102 - INFO - Device bulb1 is back online.
2024-12-14 13:24:50,924 - INFO - Device name changed successfully. New name: Bulba
2024-12-14 13:26:01,583 - INFO - Connecting to device bulb1...
2024-12-14 13:26:03,655 - INFO - Successfully connected to device bulb1.
2024-12-14 13:26:47,335 - INFO - Connecting to device bulb1...
2024-12-14 13:26:49,839 - INFO - Successfully connected to device bulb1.
2024-12-14 13:27:56,991 - INFO - Connecting to device bulb1...
2024-12-14 13:27:59,862 - INFO - Successfully connected to device bulb1.
2024-12-14 13:36:40,076 - INFO - Connecting to device bulb1...
2024-12-14 13:36:41,260 - INFO - Successfully connected to device bulb1.
2024-12-14 13:37:11,027 - INFO - Connecting to device bulb1...
2024-12-14 13:37:12,874 - INFO - Successfully connected to device bulb1.
2024-12-14 13:37:44,267 - INFO - Connecting to device bulb1...
2024-12-14 13:37:45,826 - INFO - Successfully connected to device bulb1.
2024-12-14 13:39:11,394 - INFO - Connecting to device bulb1...
2024-12-14 13:39:13,074 - INFO - Successfully connected to device bulb1.
2024-12-14 13:40:34,242 - INFO - Connecting to device bulb...
2024-12-14 13:40:35,913 - ERROR - Wrong password, failed to connect to device bulb.
2024-12-14 13:41:06,393 - INFO - Connecting to device bulb1...
2024-12-14 13:41:07,849 - INFO - Successfully connected to device bulb1.
2024-12-14 13:42:00,193 - INFO - Connecting to device bulb1...
2024-12-14 13:42:01,161 - INFO - Successfully connected to device bulb1.
2024-12-14 13:43:20,232 - INFO - Connecting to device bulb1...
2024-12-14 13:43:21,088 - INFO - Successfully connected to device bulb1.
2024-12-14 13:43:27,944 - INFO - Getting status for device bulb1
2024-12-14 13:43:41,931 - INFO - Device bulb1 power set to on.
2024-12-14 13:43:42,808 - INFO - Getting status for device bulb1
2024-12-14 13:43:46,698 - INFO - Device bulb1 power set to off.
2024-12-14 13:43:48,359 - INFO - Getting status for device bulb1
2024-12-14 13:43:52,671 - INFO - Rebooting device bulb1...
2024-12-14 13:43:52,675 - INFO - Device bulb1 power set to off.
2024-12-14 13:43:52,678 - INFO - Device bulb1 power set to on.
2024-12-14 13:43:52,678 - INFO - Device bulb1 is back online.
2024-12-14 13:45:16,744 - INFO - Connecting to device bulb1...
2024-12-14 13:45:18,319 - INFO - Successfully connected to device bulb1.
2024-12-14 13:46:14,528 - INFO - Connecting to device bulb1...
2024-12-14 13:46:15,952 - INFO - Successfully connected to device bulb1.
2024-12-14 13:46:34,926 - INFO - disconnected from device bulb1.
2024-12-14 13:49:05,102 - INFO - Connecting to device therm1...
2024-12-14 13:49:06,902 - ERROR - Wrong password, failed to connect to device therm1.
2024-12-14 13:53:38,133 - INFO - Connecting to device mower1...
2024-12-14 13:53:38,133 - ERROR - Connection error: Device mower1 is not compatible.
2024-12-14 13:56:50,083 - INFO - Connecting to device bulb1...
2024-12-14 13:56:52,315 - INFO - Successfully connected to device bulb1.
2024-12-14 13:56:54,115 - INFO - disconnected from device bulb1.
2024-12-14 13:57:05,643 - INFO - Connecting to device curtain1...
2024-12-14 13:57:07,307 - INFO - Successfully connected to device curtain1.
2024-12-14 13:57:16,586 - INFO - disconnected from device curtain1.
2024-12-14 13:57:32,890 - INFO - Connecting to device mower1...
2024-12-14 13:57:35,378 - INFO - Successfully connected to device mower1.
2024-12-14 14:02:21,100 - INFO - Device mower1 power set to off.
2024-12-14 14:02:27,912 - INFO - Getting status for device mower1
2024-12-14 14:02:46,192 - INFO - Rebooting device mower1...
2024-12-14 14:02:46,195 - INFO - Device mower1 power set to off.
2024-12-14 14:02:46,198 - INFO - Device mower1 power set to on.
2024-12-14 14:02:46,199 - INFO - Device mower1 is back online.
