* * * * * /DjangoProject/venv/bin/python /DjangoProject/SCD_app/manage.py check_schedules
Unknown command: 'cleanup_schedules.py'
Type 'manage.py help' for usage.
Unknown command: 'cleanup_schedules.py'
Type 'manage.py help' for usage.
Unknown command: 'cleanup_schedules.py'
Type 'manage.py help' for usage.
Unknown command: 'cleanup_schedules.py'
Type 'manage.py help' for usage.
Unknown command: 'cleanup_schedules.py'
Type 'manage.py help' for usage.
Unknown command: 'cleanup_schedules.py'
Type 'manage.py help' for usage.
Unknown command: 'cleanup_schedules.py'
Type 'manage.py help' for usage.
Unknown command: 'cleanup_schedules.py'
Type 'manage.py help' for usage.
Unknown command: 'cleanup_schedules.py'
Type 'manage.py help' for usage.
Unknown command: 'cleanup_schedules.py'
Type 'manage.py help' for usage.
Unknown command: 'cleanup_schedules.py'
Type 'manage.py help' for usage.
Unknown command: 'cleanup_schedules.py'
Type 'manage.py help' for usage.
Unknown command: 'cleanup_schedules.py'
Type 'manage.py help' for usage.
Unknown command: 'cleanup_schedules.py'
Type 'manage.py help' for usage.
Unknown command: 'cleanup_schedules.py'
Type 'manage.py help' for usage.
Unknown command: 'cleanup_schedules.py'
Type 'manage.py help' for usage.
Unknown command: 'cleanup_schedules.py'
Type 'manage.py help' for usage.
Unknown command: 'cleanup_schedules.py'
Type 'manage.py help' for usage.
Unknown command: 'cleanup_schedules.py'
Type 'manage.py help' for usage.
Unknown command: 'cleanup_schedules.py'
Type 'manage.py help' for usage.
Unknown command: 'cleanup_schedules.py'
Type 'manage.py help' for usage.
Unknown command: 'cleanup_schedules.py'
Type 'manage.py help' for usage.
Unknown command: 'cleanup_schedules.py'
Type 'manage.py help' for usage.
Unknown command: 'run_schedules'
Type 'manage.py help' for usage.
Unknown command: 'cleanup_schedules'
Type 'manage.py help' for usage.
Unknown command: 'run_schedules'
Type 'manage.py help' for usage.
Unknown command: 'cleanup_schedules'
Type 'manage.py help' for usage.
Unknown command: 'cleanup_schedules'
Type 'manage.py help' for usage.
Unknown command: 'run_schedules'
Type 'manage.py help' for usage.
Unknown command: 'cleanup_schedules'
Type 'manage.py help' for usage.
Unknown command: 'run_schedules'
Type 'manage.py help' for usage.
Unknown command: 'run_schedules'
Type 'manage.py help' for usage.
Unknown command: 'cleanup_schedules'
Type 'manage.py help' for usage.
Unknown command: 'run_schedules'
Type 'manage.py help' for usage.
Unknown command: 'cleanup_schedules'
Type 'manage.py help' for usage.
Unknown command: 'cleanup_schedules'
Type 'manage.py help' for usage.
Unknown command: 'run_schedules'
Type 'manage.py help' for usage.
Unknown command: 'cleanup_schedules'
Type 'manage.py help' for usage.
Unknown command: 'run_schedules'
Type 'manage.py help' for usage.
Unknown command: 'cleanup_schedules'
Type 'manage.py help' for usage.
Unknown command: 'run_schedules'
Type 'manage.py help' for usage.
Unknown command: 'run_schedules'
Type 'manage.py help' for usage.
Unknown command: 'cleanup_schedules'
Type 'manage.py help' for usage.
Unknown command: 'run_schedules'
Type 'manage.py help' for usage.
Unknown command: 'cleanup_schedules'
Type 'manage.py help' for usage.
Unknown command: 'run_schedules'
Type 'manage.py help' for usage.
Unknown command: 'cleanup_schedules'
Type 'manage.py help' for usage.
Unknown command: 'cleanup_schedules'
Type 'manage.py help' for usage.
Unknown command: 'run_schedules'
Type 'manage.py help' for usage.
Unknown command: 'run_schedules'
Type 'manage.py help' for usage.
Unknown command: 'cleanup_schedules'
Type 'manage.py help' for usage.
Unknown command: 'cleanup_schedules'
Type 'manage.py help' for usage.
Unknown command: 'run_schedules'
Type 'manage.py help' for usage.
Unknown command: 'run_schedules'
Type 'manage.py help' for usage.
Unknown command: 'cleanup_schedules'
Type 'manage.py help' for usage.
Unknown command: 'cleanup_schedules'
Type 'manage.py help' for usage.
Unknown command: 'run_schedules'
Type 'manage.py help' for usage.
Unknown command: 'run_schedules'
Type 'manage.py help' for usage.
Unknown command: 'cleanup_schedules'
Type 'manage.py help' for usage.
